<?xml version="1.0" encoding="UTF-8"?>
<!-- Generated by org.testng.reporters.JUnitReportReporter -->
<testsuite hostname="DESKTOP-A2L4RGV" failures="0" tests="1" name="com.testNGpractice.digi" time="33.424" errors="0" timestamp="2023-01-18T17:32:59 IST" skipped="0">
  <testcase classname="com.testNGpractice.digi" name="Assignment" time="33.424"/>
  <system-out/>
</testsuite> <!-- com.testNGpractice.digi -->
